[2025-10-16 18:51:10Z INFO HostContext] No proxy settings were found based on environmental variables (http_proxy/https_proxy/HTTP_PROXY/HTTPS_PROXY)
[2025-10-16 18:51:10Z INFO HostContext] Well known directory 'Bin': '/home/mario/kali-test-clean-fresh/actions-runner/bin'
[2025-10-16 18:51:10Z INFO HostContext] Well known directory 'Root': '/home/mario/kali-test-clean-fresh/actions-runner'
[2025-10-16 18:51:10Z INFO HostContext] Well known config file 'Credentials': '/home/mario/kali-test-clean-fresh/actions-runner/.credentials'
[2025-10-16 18:51:10Z INFO HostContext] Well known directory 'Bin': '/home/mario/kali-test-clean-fresh/actions-runner/bin'
[2025-10-16 18:51:10Z INFO HostContext] Well known directory 'Root': '/home/mario/kali-test-clean-fresh/actions-runner'
[2025-10-16 18:51:10Z INFO HostContext] Well known config file 'Runner': '/home/mario/kali-test-clean-fresh/actions-runner/.runner'
[2025-10-16 18:51:10Z INFO Listener] Runner is built for Linux (X64) - linux-x64.
[2025-10-16 18:51:10Z INFO Listener] RuntimeInformation: Kali GNU/Linux Rolling.
[2025-10-16 18:51:10Z INFO Listener] Version: 2.329.0
[2025-10-16 18:51:10Z INFO Listener] Commit: c76c59996c8fa32e989164a5a695efb12608ae5a
[2025-10-16 18:51:10Z INFO Listener] Culture: en-US
[2025-10-16 18:51:10Z INFO Listener] UI Culture: en-US
[2025-10-16 18:51:10Z INFO HostContext] Well known directory 'Bin': '/home/mario/kali-test-clean-fresh/actions-runner/bin'
[2025-10-16 18:51:10Z INFO HostContext] Well known directory 'Root': '/home/mario/kali-test-clean-fresh/actions-runner'
[2025-10-16 18:51:10Z INFO Listener] Validating directory permissions for: '/home/mario/kali-test-clean-fresh/actions-runner'
[2025-10-16 18:51:10Z INFO CommandLineParser] Parse
[2025-10-16 18:51:10Z INFO CommandLineParser] Parsing 5 args
[2025-10-16 18:51:10Z INFO CommandLineParser] parsing argument
[2025-10-16 18:51:10Z INFO CommandLineParser] HasArgs: False
[2025-10-16 18:51:10Z INFO CommandLineParser] Adding Command: configure
[2025-10-16 18:51:10Z INFO CommandLineParser] parsing argument
[2025-10-16 18:51:10Z INFO CommandLineParser] HasArgs: True
[2025-10-16 18:51:10Z INFO CommandLineParser] arg: url
[2025-10-16 18:51:10Z INFO CommandLineParser] parsing argument
[2025-10-16 18:51:10Z INFO CommandLineParser] HasArgs: True
[2025-10-16 18:51:10Z INFO CommandLineParser] Adding option 'url': 'https://github.com/Mahmoudbenhloua/kali-test-clean'
[2025-10-16 18:51:10Z INFO CommandLineParser] parsing argument
[2025-10-16 18:51:10Z INFO CommandLineParser] HasArgs: True
[2025-10-16 18:51:10Z INFO CommandLineParser] arg: token
[2025-10-16 18:51:10Z INFO CommandLineParser] parsing argument
[2025-10-16 18:51:10Z INFO CommandLineParser] HasArgs: True
[2025-10-16 18:51:10Z INFO CommandLineParser] Adding option 'token': '***'
[2025-10-16 18:51:10Z INFO Listener] Arguments parsed
[2025-10-16 18:51:10Z INFO Runner] ExecuteCommand
[2025-10-16 18:51:10Z INFO ConfigurationStore] currentAssemblyLocation: /home/mario/kali-test-clean-fresh/actions-runner/bin/Runner.Listener.dll
[2025-10-16 18:51:10Z INFO HostContext] Well known directory 'Bin': '/home/mario/kali-test-clean-fresh/actions-runner/bin'
[2025-10-16 18:51:10Z INFO ConfigurationStore] binPath: /home/mario/kali-test-clean-fresh/actions-runner/bin
[2025-10-16 18:51:10Z INFO HostContext] Well known directory 'Bin': '/home/mario/kali-test-clean-fresh/actions-runner/bin'
[2025-10-16 18:51:10Z INFO HostContext] Well known directory 'Root': '/home/mario/kali-test-clean-fresh/actions-runner'
[2025-10-16 18:51:10Z INFO ConfigurationStore] RootFolder: /home/mario/kali-test-clean-fresh/actions-runner
[2025-10-16 18:51:10Z INFO HostContext] Well known directory 'Bin': '/home/mario/kali-test-clean-fresh/actions-runner/bin'
[2025-10-16 18:51:10Z INFO HostContext] Well known directory 'Root': '/home/mario/kali-test-clean-fresh/actions-runner'
[2025-10-16 18:51:10Z INFO HostContext] Well known config file 'Runner': '/home/mario/kali-test-clean-fresh/actions-runner/.runner'
[2025-10-16 18:51:10Z INFO ConfigurationStore] ConfigFilePath: /home/mario/kali-test-clean-fresh/actions-runner/.runner
[2025-10-16 18:51:10Z INFO HostContext] Well known directory 'Bin': '/home/mario/kali-test-clean-fresh/actions-runner/bin'
[2025-10-16 18:51:10Z INFO HostContext] Well known directory 'Root': '/home/mario/kali-test-clean-fresh/actions-runner'
[2025-10-16 18:51:10Z INFO HostContext] Well known config file 'MigratedRunner': '/home/mario/kali-test-clean-fresh/actions-runner/.runner_migrated'
[2025-10-16 18:51:10Z INFO ConfigurationStore] MigratedConfigFilePath: /home/mario/kali-test-clean-fresh/actions-runner/.runner_migrated
[2025-10-16 18:51:10Z INFO HostContext] Well known directory 'Bin': '/home/mario/kali-test-clean-fresh/actions-runner/bin'
[2025-10-16 18:51:10Z INFO HostContext] Well known directory 'Root': '/home/mario/kali-test-clean-fresh/actions-runner'
[2025-10-16 18:51:10Z INFO HostContext] Well known config file 'Credentials': '/home/mario/kali-test-clean-fresh/actions-runner/.credentials'
[2025-10-16 18:51:10Z INFO ConfigurationStore] CredFilePath: /home/mario/kali-test-clean-fresh/actions-runner/.credentials
[2025-10-16 18:51:10Z INFO HostContext] Well known directory 'Bin': '/home/mario/kali-test-clean-fresh/actions-runner/bin'
[2025-10-16 18:51:10Z INFO HostContext] Well known directory 'Root': '/home/mario/kali-test-clean-fresh/actions-runner'
[2025-10-16 18:51:10Z INFO HostContext] Well known config file 'MigratedCredentials': '/home/mario/kali-test-clean-fresh/actions-runner/.credentials_migrated'
[2025-10-16 18:51:10Z INFO ConfigurationStore] MigratedCredFilePath: /home/mario/kali-test-clean-fresh/actions-runner/.credentials_migrated
[2025-10-16 18:51:10Z INFO HostContext] Well known directory 'Bin': '/home/mario/kali-test-clean-fresh/actions-runner/bin'
[2025-10-16 18:51:10Z INFO HostContext] Well known directory 'Root': '/home/mario/kali-test-clean-fresh/actions-runner'
[2025-10-16 18:51:10Z INFO HostContext] Well known config file 'Service': '/home/mario/kali-test-clean-fresh/actions-runner/.service'
[2025-10-16 18:51:10Z INFO ConfigurationStore] ServiceConfigFilePath: /home/mario/kali-test-clean-fresh/actions-runner/.service
[2025-10-16 18:51:10Z INFO CommandSettings] Flag 'help': 'False'
[2025-10-16 18:51:10Z INFO CommandSettings] Flag 'version': 'False'
[2025-10-16 18:51:10Z INFO CommandSettings] Flag 'commit': 'False'
[2025-10-16 18:51:10Z INFO CommandSettings] Flag 'check': 'False'
[2025-10-16 18:51:10Z INFO CommandSettings] Command 'configure': 'True'
[2025-10-16 18:51:10Z INFO Terminal] WRITE LINE: 
[2025-10-16 18:51:10Z INFO Terminal] WRITE LINE: --------------------------------------------------------------------------------
[2025-10-16 18:51:10Z INFO Terminal] WRITE LINE: |        ____ _ _   _   _       _          _        _   _                      |
[2025-10-16 18:51:10Z INFO Terminal] WRITE LINE: |       / ___(_) |_| | | |_   _| |__      / \   ___| |_(_) ___  _ __  ___      |
[2025-10-16 18:51:10Z INFO Terminal] WRITE LINE: |      | |  _| | __| |_| | | | | '_ \    / _ \ / __| __| |/ _ \| '_ \/ __|     |
[2025-10-16 18:51:10Z INFO Terminal] WRITE LINE: |      | |_| | | |_|  _  | |_| | |_) |  / ___ \ (__| |_| | (_) | | | \__ \     |
[2025-10-16 18:51:10Z INFO Terminal] WRITE LINE: |       \____|_|\__|_| |_|\__,_|_.__/  /_/   \_\___|\__|_|\___/|_| |_|___/     |
[2025-10-16 18:51:10Z INFO Terminal] WRITE LINE: |                                                                              |
[2025-10-16 18:51:10Z INFO Terminal] WRITE: |                       
[2025-10-16 18:51:10Z INFO Terminal] WRITE: Self-hosted runner registration
[2025-10-16 18:51:10Z INFO Terminal] WRITE LINE:                         |
[2025-10-16 18:51:10Z INFO Terminal] WRITE LINE: |                                                                              |
[2025-10-16 18:51:10Z INFO Terminal] WRITE LINE: --------------------------------------------------------------------------------
[2025-10-16 18:51:10Z INFO ConfigurationManager] ConfigureAsync
[2025-10-16 18:51:10Z INFO CommandSettings] Flag 'generateServiceConfig': 'False'
[2025-10-16 18:51:10Z INFO ConfigurationStore] IsConfigured()
[2025-10-16 18:51:10Z INFO ConfigurationStore] IsConfigured: False
[2025-10-16 18:51:10Z INFO ConfigurationManager] Is configured: False
[2025-10-16 18:51:10Z INFO CommandSettings] Arg 'url': 'https://github.com/Mahmoudbenhloua/kali-test-clean'
[2025-10-16 18:51:10Z INFO CommandSettings] Remove url from Arg dictionary.
[2025-10-16 18:51:10Z INFO CommandSettings] Arg 'token': '***'
[2025-10-16 18:51:10Z INFO CommandSettings] Remove token from Arg dictionary.
[2025-10-16 18:51:11Z INFO ConfigurationManager] Http response code: OK from 'POST https://api.github.com/actions/runner-registration' (13E1:23D01D:5CA48A0:56EF30C:68F13E9F)
[2025-10-16 18:51:11Z INFO ConfigurationManager] Using runner-admin flow: False
[2025-10-16 18:51:11Z INFO ConfigurationManager] cred retrieved via GitHub auth
[2025-10-16 18:51:11Z INFO RunnerServer] EstablishVssConnection
[2025-10-16 18:51:11Z INFO RunnerServer] Establish connection with 100 seconds timeout.
[2025-10-16 18:51:11Z INFO GitHubActionsService] Starting operation Location.GetConnectionData
[2025-10-16 18:51:11Z INFO RunnerServer] EstablishVssConnection
[2025-10-16 18:51:11Z INFO RunnerServer] Establish connection with 60 seconds timeout.
[2025-10-16 18:51:11Z INFO GitHubActionsService] Starting operation Location.GetConnectionData
[2025-10-16 18:51:11Z INFO RunnerServer] EstablishVssConnection
[2025-10-16 18:51:11Z INFO RunnerServer] Establish connection with 60 seconds timeout.
[2025-10-16 18:51:11Z INFO GitHubActionsService] Starting operation Location.GetConnectionData
[2025-10-16 18:51:13Z INFO GitHubActionsService] Finished operation Location.GetConnectionData
[2025-10-16 18:51:13Z INFO GitHubActionsService] Finished operation Location.GetConnectionData
[2025-10-16 18:51:13Z INFO GitHubActionsService] Finished operation Location.GetConnectionData
[2025-10-16 18:51:13Z INFO Terminal] WRITE LINE: 
[2025-10-16 18:51:13Z INFO ConfigurationManager] Test Connection complete.
[2025-10-16 18:51:13Z INFO HostContext] Well known directory 'Bin': '/home/mario/kali-test-clean-fresh/actions-runner/bin'
[2025-10-16 18:51:13Z INFO HostContext] Well known directory 'Root': '/home/mario/kali-test-clean-fresh/actions-runner'
[2025-10-16 18:51:13Z INFO HostContext] Well known config file 'RSACredentials': '/home/mario/kali-test-clean-fresh/actions-runner/.credentials_rsaparams'
[2025-10-16 18:51:13Z INFO RSAFileKeyManager] Creating new RSA key using 2048-bit key length
[2025-10-16 18:51:13Z INFO RSAFileKeyManager] Successfully saved RSA key parameters to file /home/mario/kali-test-clean-fresh/actions-runner/.credentials_rsaparams
[2025-10-16 18:51:13Z INFO RSAFileKeyManager] Which2: 'chmod'
[2025-10-16 18:51:13Z INFO RSAFileKeyManager] Location: '/usr/bin/chmod'
[2025-10-16 18:51:13Z INFO HostContext] Well known directory 'Bin': '/home/mario/kali-test-clean-fresh/actions-runner/bin'
[2025-10-16 18:51:13Z INFO HostContext] Well known directory 'Root': '/home/mario/kali-test-clean-fresh/actions-runner'
[2025-10-16 18:51:13Z INFO ProcessInvokerWrapper] Starting process:
[2025-10-16 18:51:13Z INFO ProcessInvokerWrapper]   File name: '/usr/bin/chmod'
[2025-10-16 18:51:13Z INFO ProcessInvokerWrapper]   Arguments: '600 /home/mario/kali-test-clean-fresh/actions-runner/.credentials_rsaparams'
[2025-10-16 18:51:13Z INFO ProcessInvokerWrapper]   Working directory: '/home/mario/kali-test-clean-fresh/actions-runner'
[2025-10-16 18:51:13Z INFO ProcessInvokerWrapper]   Require exit code zero: 'False'
[2025-10-16 18:51:13Z INFO ProcessInvokerWrapper]   Encoding web name:  ; code page: ''
[2025-10-16 18:51:13Z INFO ProcessInvokerWrapper]   Force kill process on cancellation: 'False'
[2025-10-16 18:51:13Z INFO ProcessInvokerWrapper]   Redirected STDIN: 'False'
[2025-10-16 18:51:13Z INFO ProcessInvokerWrapper]   Persist current code page: 'False'
[2025-10-16 18:51:13Z INFO ProcessInvokerWrapper]   Keep redirected STDIN open: 'False'
[2025-10-16 18:51:13Z INFO ProcessInvokerWrapper]   High priority process: 'False'
[2025-10-16 18:51:13Z INFO ProcessInvokerWrapper] Failed to update oom_score_adj for PID: 26670.
[2025-10-16 18:51:13Z INFO ProcessInvokerWrapper] System.UnauthorizedAccessException: Access to the path '/proc/26670/oom_score_adj' is denied.
 ---> System.IO.IOException: Permission denied
   --- End of inner exception stack trace ---
   at Interop.ThrowExceptionForIoErrno(ErrorInfo errorInfo, String path, Boolean isDirError)
   at Microsoft.Win32.SafeHandles.SafeFileHandle.Open(String path, OpenFlags flags, Int32 mode, Boolean failForSymlink, Boolean& wasSymlink, Func`4 createOpenException)
   at Microsoft.Win32.SafeHandles.SafeFileHandle.Open(String fullPath, FileMode mode, FileAccess access, FileShare share, FileOptions options, Int64 preallocationSize, UnixFileMode openPermissions, Int64& fileLength, UnixFileMode& filePermissions, Boolean failForSymlink, Boolean& wasSymlink, Func`4 createOpenException)
   at System.IO.File.OpenHandle(String path, FileMode mode, FileAccess access, FileShare share, FileOptions options, Int64 preallocationSize)
   at System.IO.File.WriteToFile(String path, FileMode mode, String contents, Encoding encoding)
   at GitHub.Runner.Sdk.ProcessInvoker.WriteProcessOomScoreAdj(Int32 processId, Int32 oomScoreAdj)
[2025-10-16 18:51:13Z INFO ProcessInvokerWrapper] STDOUT/STDERR stream read finished.
[2025-10-16 18:51:13Z INFO ProcessInvokerWrapper] STDOUT/STDERR stream read finished.
[2025-10-16 18:51:13Z INFO ProcessInvokerWrapper] Process started with process id 26670, waiting for process exit.
[2025-10-16 18:51:13Z INFO ProcessInvokerWrapper] Finished process 26670 with exit code 0, and elapsed time 00:00:00.0288952.
[2025-10-16 18:51:13Z INFO RSAFileKeyManager] Successfully set permissions for RSA key parameters file /home/mario/kali-test-clean-fresh/actions-runner/.credentials_rsaparams
[2025-10-16 18:51:13Z INFO CommandSettings] Arg 'runnergroup': ''
[2025-10-16 18:51:13Z INFO CommandSettings] Flag 'unattended': 'False'
[2025-10-16 18:51:13Z INFO PromptManager] ReadValue
[2025-10-16 18:51:13Z INFO Terminal] WRITE: Enter the name of the runner group to add this runner to: 
[2025-10-16 18:51:13Z INFO Terminal] WRITE: [press Enter for Default] 
[2025-10-16 18:51:13Z INFO Terminal] READ LINE
[2025-10-16 18:51:31Z INFO Terminal] Read value: ''
[2025-10-16 18:51:31Z INFO PromptManager] Falling back to the default: 'Default'
[2025-10-16 18:51:31Z INFO Terminal] WRITE LINE: 
[2025-10-16 18:51:31Z INFO ConfigurationManager] Found a self-hosted runner group with id 1 and name Default
[2025-10-16 18:51:31Z INFO CommandSettings] Flag 'disableupdate': 'False'
[2025-10-16 18:51:31Z INFO CommandSettings] Flag 'ephemeral': 'False'
[2025-10-16 18:51:31Z INFO CommandSettings] Arg 'name': ''
[2025-10-16 18:51:31Z INFO CommandSettings] Flag 'unattended': 'False'
[2025-10-16 18:51:31Z INFO PromptManager] ReadValue
[2025-10-16 18:51:31Z INFO Terminal] WRITE: Enter the name of runner: 
[2025-10-16 18:51:31Z INFO Terminal] WRITE: [press Enter for vbox] 
[2025-10-16 18:51:31Z INFO Terminal] READ LINE
[2025-10-16 18:51:34Z INFO Terminal] Read value: ''
[2025-10-16 18:51:34Z INFO PromptManager] Falling back to the default: 'vbox'
[2025-10-16 18:51:34Z INFO Terminal] WRITE LINE: 
[2025-10-16 18:51:34Z INFO CommandSettings] Arg 'labels': ''
[2025-10-16 18:51:34Z INFO CommandSettings] Flag 'unattended': 'False'
[2025-10-16 18:51:34Z INFO PromptManager] ReadValue
[2025-10-16 18:51:34Z INFO Terminal] WRITE: This runner will have the following labels: 'self-hosted', 'Linux', 'X64' 
Enter any additional labels (ex. label-1,label-2): 
[2025-10-16 18:51:34Z INFO Terminal] WRITE: [press Enter to skip] 
[2025-10-16 18:51:34Z INFO Terminal] READ LINE
[2025-10-16 18:51:37Z INFO Terminal] Read value: ''
[2025-10-16 18:51:37Z INFO Terminal] WRITE LINE: 
[2025-10-16 18:51:37Z INFO CommandSettings] Flag 'disableupdate': 'False'
[2025-10-16 18:51:37Z INFO CommandSettings] Flag 'no-default-labels': 'False'
[2025-10-16 18:51:38Z INFO CommandSettings] Flag 'disableupdate': 'False'
[2025-10-16 18:51:38Z INFO CommandSettings] Flag 'ephemeral': 'False'
[2025-10-16 18:51:38Z INFO ConfigurationStore] Saving OAuth credential @ /home/mario/kali-test-clean-fresh/actions-runner/.credentials
[2025-10-16 18:51:38Z INFO ConfigurationStore] Credentials Saved.
[2025-10-16 18:51:38Z INFO ConfigurationManager] Service enforced serverUrlV2: https://broker.actions.githubusercontent.com/
[2025-10-16 18:51:38Z INFO ConfigurationManager] Service enforced useV2Flow: True
[2025-10-16 18:51:38Z INFO CommandSettings] Arg 'work': ''
[2025-10-16 18:51:38Z INFO CommandSettings] Flag 'unattended': 'False'
[2025-10-16 18:51:38Z INFO PromptManager] ReadValue
[2025-10-16 18:51:38Z INFO Terminal] WRITE: Enter name of work folder: 
[2025-10-16 18:51:38Z INFO Terminal] WRITE: [press Enter for _work] 
[2025-10-16 18:51:38Z INFO Terminal] READ LINE
[2025-10-16 18:51:41Z INFO Terminal] Read value: ''
[2025-10-16 18:51:41Z INFO PromptManager] Falling back to the default: '_work'
[2025-10-16 18:51:41Z INFO ConfigurationStore] Saving runner settings.
[2025-10-16 18:51:41Z INFO ConfigurationStore] Settings Saved.
[2025-10-16 18:51:41Z INFO Terminal] WRITE LINE: 
[2025-10-16 18:51:41Z INFO Terminal] WRITE LINE: 
[2025-10-16 18:51:41Z INFO SystemDControlManager] Service name 'actions.runner.Mahmoudbenhloua-kali-test-clean.vbox.service' display name 'GitHub Actions Runner (Mahmoudbenhloua-kali-test-clean.vbox)' will be used for service configuration.
[2025-10-16 18:51:41Z INFO HostContext] Well known directory 'Bin': '/home/mario/kali-test-clean-fresh/actions-runner/bin'
[2025-10-16 18:51:41Z INFO HostContext] Well known directory 'Root': '/home/mario/kali-test-clean-fresh/actions-runner'
[2025-10-16 18:51:41Z INFO HostContext] Well known directory 'Bin': '/home/mario/kali-test-clean-fresh/actions-runner/bin'
[2025-10-16 18:51:41Z INFO HostContext] Well known directory 'Bin': '/home/mario/kali-test-clean-fresh/actions-runner/bin'
[2025-10-16 18:51:41Z INFO HostContext] Well known directory 'Root': '/home/mario/kali-test-clean-fresh/actions-runner'
[2025-10-16 18:51:41Z INFO UnixUtil] Which2: 'chmod'
[2025-10-16 18:51:41Z INFO UnixUtil] Location: '/usr/bin/chmod'
[2025-10-16 18:51:41Z INFO UnixUtil] Running /usr/bin/chmod 755 "/home/mario/kali-test-clean-fresh/actions-runner/svc.sh"
[2025-10-16 18:51:41Z INFO ProcessInvokerWrapper] Starting process:
[2025-10-16 18:51:41Z INFO ProcessInvokerWrapper]   File name: '/usr/bin/chmod'
[2025-10-16 18:51:41Z INFO ProcessInvokerWrapper]   Arguments: '755 "/home/mario/kali-test-clean-fresh/actions-runner/svc.sh"'
[2025-10-16 18:51:41Z INFO ProcessInvokerWrapper]   Working directory: '/home/mario/kali-test-clean-fresh/actions-runner'
[2025-10-16 18:51:41Z INFO ProcessInvokerWrapper]   Require exit code zero: 'True'
[2025-10-16 18:51:41Z INFO ProcessInvokerWrapper]   Encoding web name:  ; code page: ''
[2025-10-16 18:51:41Z INFO ProcessInvokerWrapper]   Force kill process on cancellation: 'False'
[2025-10-16 18:51:41Z INFO ProcessInvokerWrapper]   Redirected STDIN: 'False'
[2025-10-16 18:51:41Z INFO ProcessInvokerWrapper]   Persist current code page: 'False'
[2025-10-16 18:51:41Z INFO ProcessInvokerWrapper]   Keep redirected STDIN open: 'False'
[2025-10-16 18:51:41Z INFO ProcessInvokerWrapper]   High priority process: 'False'
[2025-10-16 18:51:41Z INFO ProcessInvokerWrapper] Process started with process id 27014, waiting for process exit.
[2025-10-16 18:51:41Z INFO ProcessInvokerWrapper] STDOUT/STDERR stream read finished.
[2025-10-16 18:51:41Z INFO ProcessInvokerWrapper] STDOUT/STDERR stream read finished.
[2025-10-16 18:51:41Z INFO ProcessInvokerWrapper] Finished process 27014 with exit code 0, and elapsed time 00:00:00.0028609.
[2025-10-16 18:51:41Z INFO Listener] Runner execution has finished with return code 0
